
> vibe-generated-app@1.0.0 dev
> vite


  VITE v5.4.20  ready in 280 ms

  ➜  Local:   http://localhost:3000/
  ➜  Network: http://172.20.11.186:3000/
10:56:33 PM [vite] Pre-transform error: Failed to resolve import "./components/Navbar" from "src/App.jsx". Does the file exist?
10:56:33 PM [vite] ✨ new dependencies optimized: framer-motion
10:56:33 PM [vite] ✨ optimized dependencies changed. reloading
10:56:34 PM [vite] Pre-transform error: Failed to resolve import "./components/Navbar" from "src/App.jsx". Does the file exist?
10:56:35 PM [vite] Internal server error: Failed to resolve import "./components/Navbar" from "src/App.jsx". Does the file exist?
  Plugin: vite:import-analysis
  File: /home/workspace/src/App.jsx:1:19
  1  |  import { jsxDEV } from "react/jsx-dev-runtime";
  2  |  import Navbar from "./components/Navbar";
     |                      ^
  3  |  import Hero from "./components/Hero";
  4  |  import Modules from "./components/Modules";
      at TransformPluginContext._formatError (file:///home/workspace/node_modules/vite/dist/node/chunks/dep-D_zLpgQd.js:49258:41)
      at TransformPluginContext.error (file:///home/workspace/node_modules/vite/dist/node/chunks/dep-D_zLpgQd.js:49253:16)
      at normalizeUrl (file:///home/workspace/node_modules/vite/dist/node/chunks/dep-D_zLpgQd.js:64306:23)
      at process.processTicksAndRejections (node:internal/process/task_queues:105:5)
      at async file:///home/workspace/node_modules/vite/dist/node/chunks/dep-D_zLpgQd.js:64438:39
      at async Promise.all (index 1)
      at async TransformPluginContext.transform (file:///home/workspace/node_modules/vite/dist/node/chunks/dep-D_zLpgQd.js:64365:7)
      at async PluginContainer.transform (file:///home/workspace/node_modules/vite/dist/node/chunks/dep-D_zLpgQd.js:49099:18)
      at async loadAndTransform (file:///home/workspace/node_modules/vite/dist/node/chunks/dep-D_zLpgQd.js:51977:27)
      at async viteTransformMiddleware (file:///home/workspace/node_modules/vite/dist/node/chunks/dep-D_zLpgQd.js:62105:24)
10:56:58 PM [vite] Internal server error: Failed to resolve import "./components/Navbar" from "src/App.jsx". Does the file exist?
  Plugin: vite:import-analysis
  File: /home/workspace/src/App.jsx:1:19
  1  |  import { jsxDEV } from "react/jsx-dev-runtime";
  2  |  import Navbar from "./components/Navbar";
     |                      ^
  3  |  import Hero from "./components/Hero";
  4  |  import Modules from "./components/Modules";
      at TransformPluginContext._formatError (file:///home/workspace/node_modules/vite/dist/node/chunks/dep-D_zLpgQd.js:49258:41)
      at TransformPluginContext.error (file:///home/workspace/node_modules/vite/dist/node/chunks/dep-D_zLpgQd.js:49253:16)
      at normalizeUrl (file:///home/workspace/node_modules/vite/dist/node/chunks/dep-D_zLpgQd.js:64306:23)
      at process.processTicksAndRejections (node:internal/process/task_queues:105:5)
      at async file:///home/workspace/node_modules/vite/dist/node/chunks/dep-D_zLpgQd.js:64438:39
      at async Promise.all (index 1)
      at async TransformPluginContext.transform (file:///home/workspace/node_modules/vite/dist/node/chunks/dep-D_zLpgQd.js:64365:7)
      at async PluginContainer.transform (file:///home/workspace/node_modules/vite/dist/node/chunks/dep-D_zLpgQd.js:49099:18)
      at async loadAndTransform (file:///home/workspace/node_modules/vite/dist/node/chunks/dep-D_zLpgQd.js:51977:27)
      at async viteTransformMiddleware (file:///home/workspace/node_modules/vite/dist/node/chunks/dep-D_zLpgQd.js:62105:24)

Could not open App.jsx in the editor.
The editor process exited with an error: spawn vi ENOENT ('vi' command does not exist in 'PATH').

